gzHT/app/build/outputs/logs/manifest-merger-release-report.txt
-- Merging decision tree log ---
manifest
ADDED from src/main/AndroidManifest.xml:2:1-252:12
INJECTED from src/main/AndroidManifest.xml:2:1-252:12
INJECTED from src/main/AndroidManifest.xml:2:1-252:12
INJECTED from src/main/AndroidManifest.xml:2:1-252:12
MERGED from [io.reactivex:rxandroid:1.2.1] AndroidManifest.xml:15:1-21:12
INJECTED from src/main/AndroidManifest.xml:2:1-252:12
INJECTED from src/main/AndroidManifest.xml:2:1-252:12
INJECTED from src/main/AndroidManifest.xml:2:1-252:12
	package
		ADDED from src/main/AndroidManifest.xml:3:5-44
		INJECTED from src/main/AndroidManifest.xml
		INJECTED from src/main/AndroidManifest.xml
	android:versionName
		ADDED from src/main/AndroidManifest.xml:5:5-30
		INJECTED from src/main/AndroidManifest.xml
		INJECTED from src/main/AndroidManifest.xml
	xmlns:android
		ADDED from src/main/AndroidManifest.xml:2:11-69
	android:versionCode
		ADDED from src/main/AndroidManifest.xml:4:5-29
		INJECTED from src/main/AndroidManifest.xml
		INJECTED from src/main/AndroidManifest.xml
uses-sdk
ADDED from src/main/AndroidManifest.xml:7:5-9:41
INJECTED from src/main/AndroidManifest.xml:7:5-9:41
INJECTED from src/main/AndroidManifest.xml:7:5-9:41
MERGED from [io.reactivex:rxandroid:1.2.1] AndroidManifest.xml:19:5-43
MERGED from [io.reactivex:rxandroid:1.2.1] AndroidManifest.xml:19:5-43
INJECTED from src/main/AndroidManifest.xml:7:5-9:41
INJECTED from src/main/AndroidManifest.xml:7:5-9:41
	android:targetSdkVersion
		ADDED from src/main/AndroidManifest.xml:9:9-38
		INJECTED from src/main/AndroidManifest.xml
		INJECTED from src/main/AndroidManifest.xml
	android:minSdkVersion
		ADDED from src/main/AndroidManifest.xml:8:9-34
		INJECTED from src/main/AndroidManifest.xml
		INJECTED from src/main/AndroidManifest.xml
application
ADDED from src/main/AndroidManifest.xml:11:5-216:19
	android:label
		ADDED from src/main/AndroidManifest.xml:13:9-41
	android:windowSoftInputMode
		ADDED from src/main/AndroidManifest.xml:16:9-60
	android:icon
		ADDED from src/main/AndroidManifest.xml:12:9-39
	android:theme
		ADDED from src/main/AndroidManifest.xml:15:9-56
	android:name
		ADDED from src/main/AndroidManifest.xml:14:9-35
activity#com.elegps.gz_customerservice.LogingActivity
ADDED from src/main/AndroidManifest.xml:17:9-26:20
	android:screenOrientation
		ADDED from src/main/AndroidManifest.xml:20:13-49
	android:label
		ADDED from src/main/AndroidManifest.xml:19:13-45
	android:windowSoftInputMode
		ADDED from src/main/AndroidManifest.xml:21:13-64
	android:name
		ADDED from src/main/AndroidManifest.xml:18:13-72
intent-filter#action:name:android.intent.action.MAIN+category:name:android.intent.category.LAUNCHER
ADDED from src/main/AndroidManifest.xml:22:13-25:29
action#android.intent.action.MAIN
ADDED from src/main/AndroidManifest.xml:23:17-69
	android:name
		ADDED from src/main/AndroidManifest.xml:23:25-66
category#android.intent.category.LAUNCHER
ADDED from src/main/AndroidManifest.xml:24:17-77
	android:name
		ADDED from src/main/AndroidManifest.xml:24:27-74
activity#com.elegps.module.task_daiban_search.TaskDaiBanInfoActivity
ADDED from src/main/AndroidManifest.xml:27:9-30:20
	android:screenOrientation
		ADDED from src/main/AndroidManifest.xml:29:13-49
	android:name
		ADDED from src/main/AndroidManifest.xml:28:13-87
activity#com.elegps.module.data_analyze.DataAnalyzeActivity
ADDED from src/main/AndroidManifest.xml:31:9-34:20
	android:screenOrientation
		ADDED from src/main/AndroidManifest.xml:33:13-49
	android:name
		ADDED from src/main/AndroidManifest.xml:32:13-78
activity#com.elegps.module.work_hours.WorkHoursSearchActivity
ADDED from src/main/AndroidManifest.xml:35:9-38:20
	android:screenOrientation
		ADDED from src/main/AndroidManifest.xml:37:13-49
	android:name
		ADDED from src/main/AndroidManifest.xml:36:13-80
activity#com.elegps.module.task_daiban_search.TaskDaiBanSearchActivity
ADDED from src/main/AndroidManifest.xml:39:9-42:20
	android:screenOrientation
		ADDED from src/main/AndroidManifest.xml:41:13-49
	android:name
		ADDED from src/main/AndroidManifest.xml:40:13-89
activity#com.elegps.module.machine_stock_search.MachineStockSearchActivity
ADDED from src/main/AndroidManifest.xml:43:9-46:20
	android:screenOrientation
		ADDED from src/main/AndroidManifest.xml:45:13-49
	android:name
		ADDED from src/main/AndroidManifest.xml:44:13-93
activity#com.elegps.module.machine_stock_search.MachineStockInfoActivity
ADDED from src/main/AndroidManifest.xml:47:9-50:20
	android:screenOrientation
		ADDED from src/main/AndroidManifest.xml:49:13-49
	android:name
		ADDED from src/main/AndroidManifest.xml:48:13-91
activity#com.elegps.module.task_search.TaskInfoActivity
ADDED from src/main/AndroidManifest.xml:51:9-54:20
	android:screenOrientation
		ADDED from src/main/AndroidManifest.xml:53:13-49
	android:name
		ADDED from src/main/AndroidManifest.xml:52:13-74
activity#com.elegps.module.task_search.TaskSearchActivity
ADDED from src/main/AndroidManifest.xml:55:9-58:20
	android:screenOrientation
		ADDED from src/main/AndroidManifest.xml:57:13-49
	android:name
		ADDED from src/main/AndroidManifest.xml:56:13-76
activity#com.elegps.gz_customerservice.CreateAccountActivity
ADDED from src/main/AndroidManifest.xml:59:9-62:20
	android:screenOrientation
		ADDED from src/main/AndroidManifest.xml:61:13-49
	android:name
		ADDED from src/main/AndroidManifest.xml:60:13-79
activity#com.elegps.gz_customerservice.MainActivity
ADDED from src/main/AndroidManifest.xml:63:9-66:20
	android:screenOrientation
		ADDED from src/main/AndroidManifest.xml:65:13-49
	android:name
		ADDED from src/main/AndroidManifest.xml:64:13-70
activity#com.elegps.gz_customerservice.Find_PasswordActivity
ADDED from src/main/AndroidManifest.xml:67:9-70:20
	android:screenOrientation
		ADDED from src/main/AndroidManifest.xml:69:13-49
	android:name
		ADDED from src/main/AndroidManifest.xml:68:13-79
activity#com.elegps.notebook.Note_BookActivity
ADDED from src/main/AndroidManifest.xml:71:9-74:20
	android:screenOrientation
		ADDED from src/main/AndroidManifest.xml:73:13-49
	android:name
		ADDED from src/main/AndroidManifest.xml:72:13-65
activity#com.elegps.notebook.Add_NoteActivity
ADDED from src/main/AndroidManifest.xml:75:9-78:20
	android:screenOrientation
		ADDED from src/main/AndroidManifest.xml:77:13-49
	android:name
		ADDED from src/main/AndroidManifest.xml:76:13-64
activity#com.elegps.notebook.Note_PingTaiActivity
ADDED from src/main/AndroidManifest.xml:79:17-82:20
	android:screenOrientation
		ADDED from src/main/AndroidManifest.xml:81:13-49
	android:name
		ADDED from src/main/AndroidManifest.xml:80:13-68
activity#com.elegps.notebook.Note_PaiGong
ADDED from src/main/AndroidManifest.xml:84:9-88:20
	android:screenOrientation
		ADDED from src/main/AndroidManifest.xml:86:13-49
	android:windowSoftInputMode
		ADDED from src/main/AndroidManifest.xml:87:13-64
	android:name
		ADDED from src/main/AndroidManifest.xml:85:13-60
activity#com.elegps.notebook.Note_paiG
ADDED from src/main/AndroidManifest.xml:89:9-93:20
	android:screenOrientation
		ADDED from src/main/AndroidManifest.xml:91:13-49
	android:windowSoftInputMode
		ADDED from src/main/AndroidManifest.xml:92:13-64
	android:name
		ADDED from src/main/AndroidManifest.xml:90:13-57
activity#com.elegps.photo.Photo_NativeActivity
ADDED from src/main/AndroidManifest.xml:94:9-97:20
	android:screenOrientation
		ADDED from src/main/AndroidManifest.xml:96:13-49
	android:name
		ADDED from src/main/AndroidManifest.xml:95:13-65
activity#com.elegps.gz_customerservice.LianXi_Activity
ADDED from src/main/AndroidManifest.xml:98:11-101:20
	android:screenOrientation
		ADDED from src/main/AndroidManifest.xml:100:13-49
	android:name
		ADDED from src/main/AndroidManifest.xml:99:13-73
activity#com.elegps.photo.Photo_LookActivity
ADDED from src/main/AndroidManifest.xml:102:9-105:20
	android:screenOrientation
		ADDED from src/main/AndroidManifest.xml:104:13-49
	android:name
		ADDED from src/main/AndroidManifest.xml:103:13-63
activity#com.elegps.Complaints_proposals.Complaints_ProposalsActivity
ADDED from src/main/AndroidManifest.xml:106:17-109:20
	android:screenOrientation
		ADDED from src/main/AndroidManifest.xml:108:13-49
	android:name
		ADDED from src/main/AndroidManifest.xml:107:13-88
activity#com.elegps.Complaints_proposals.Complaints_ProposalsAdd_Activity
ADDED from src/main/AndroidManifest.xml:110:12-113:20
	android:screenOrientation
		ADDED from src/main/AndroidManifest.xml:112:13-49
	android:name
		ADDED from src/main/AndroidManifest.xml:111:13-92
activity#com.elegps.errorfind.Error_DemadFindActivity
ADDED from src/main/AndroidManifest.xml:114:9-117:20
	android:screenOrientation
		ADDED from src/main/AndroidManifest.xml:116:13-49
	android:name
		ADDED from src/main/AndroidManifest.xml:115:13-72
activity#com.elegps.gz_customerservice.PaiZhao_LiShi
ADDED from src/main/AndroidManifest.xml:118:11-121:20
	android:screenOrientation
		ADDED from src/main/AndroidManifest.xml:120:13-49
	android:name
		ADDED from src/main/AndroidManifest.xml:119:13-71
activity#com.elegps.errorfind.Error_information
ADDED from src/main/AndroidManifest.xml:122:9-126:20
	android:screenOrientation
		ADDED from src/main/AndroidManifest.xml:124:13-49
	android:windowSoftInputMode
		ADDED from src/main/AndroidManifest.xml:125:13-64
	android:name
		ADDED from src/main/AndroidManifest.xml:123:13-66
activity#com.elegps.errorfind.Error_findActivity
ADDED from src/main/AndroidManifest.xml:127:9-131:20
	android:screenOrientation
		ADDED from src/main/AndroidManifest.xml:129:13-49
	android:windowSoftInputMode
		ADDED from src/main/AndroidManifest.xml:130:13-72
	android:name
		ADDED from src/main/AndroidManifest.xml:128:13-67
activity#com.elegps.vedio.LoginActivity
ADDED from src/main/AndroidManifest.xml:132:9-140:20
	android:screenOrientation
		ADDED from src/main/AndroidManifest.xml:134:13-49
	android:name
		ADDED from src/main/AndroidManifest.xml:133:13-58
intent-filter#action:name:com.elegps.vedio.LoginActivity+category:name:android.intent.category.DEFAULT
ADDED from src/main/AndroidManifest.xml:135:13-139:29
action#com.elegps.vedio.LoginActivity
ADDED from src/main/AndroidManifest.xml:136:17-73
	android:name
		ADDED from src/main/AndroidManifest.xml:136:25-70
category#android.intent.category.DEFAULT
ADDED from src/main/AndroidManifest.xml:138:17-76
	android:name
		ADDED from src/main/AndroidManifest.xml:138:27-73
activity#com.elegps.buy.Buy_FittingActivity
ADDED from src/main/AndroidManifest.xml:141:9-144:20
	android:screenOrientation
		ADDED from src/main/AndroidManifest.xml:143:13-49
	android:name
		ADDED from src/main/AndroidManifest.xml:142:13-62
activity#com.elegps.buy.Buy_PeiJianActivity
ADDED from src/main/AndroidManifest.xml:145:9-148:20
	android:screenOrientation
		ADDED from src/main/AndroidManifest.xml:147:13-49
	android:name
		ADDED from src/main/AndroidManifest.xml:146:13-62
activity#com.elegps.buy.Buy_LishiActivity
ADDED from src/main/AndroidManifest.xml:149:9-152:20
	android:screenOrientation
		ADDED from src/main/AndroidManifest.xml:151:13-49
	android:name
		ADDED from src/main/AndroidManifest.xml:150:13-60
activity#com.elegps.buy.AddProductBuyInfo_Activity
ADDED from src/main/AndroidManifest.xml:153:9-156:20
	android:screenOrientation
		ADDED from src/main/AndroidManifest.xml:155:13-49
	android:name
		ADDED from src/main/AndroidManifest.xml:154:13-69
activity#com.elegps.gz_customerservice.Change_passwordActivity
ADDED from src/main/AndroidManifest.xml:157:9-160:20
	android:screenOrientation
		ADDED from src/main/AndroidManifest.xml:159:13-49
	android:name
		ADDED from src/main/AndroidManifest.xml:158:13-81
activity#com.elegps.vedio.RoomActivity
ADDED from src/main/AndroidManifest.xml:161:9-170:20
	android:screenOrientation
		ADDED from src/main/AndroidManifest.xml:163:13-49
	android:windowSoftInputMode
		ADDED from src/main/AndroidManifest.xml:164:13-64
	android:name
		ADDED from src/main/AndroidManifest.xml:162:13-57
intent-filter#action:name:com.elegps.vedio.RoomActivity+category:name:android.intent.category.DEFAULT
ADDED from src/main/AndroidManifest.xml:165:13-169:29
action#com.elegps.vedio.RoomActivity
ADDED from src/main/AndroidManifest.xml:166:17-72
	android:name
		ADDED from src/main/AndroidManifest.xml:166:25-69
activity#com.elegps.vedio.EnterRoomBuffActivity
ADDED from src/main/AndroidManifest.xml:171:9-174:20
	android:screenOrientation
		ADDED from src/main/AndroidManifest.xml:173:13-49
	android:name
		ADDED from src/main/AndroidManifest.xml:172:13-66
activity#com.elegps.getLocation.LocationOverlayDemo
ADDED from src/main/AndroidManifest.xml:175:9-178:20
	android:screenOrientation
		ADDED from src/main/AndroidManifest.xml:177:13-49
	android:name
		ADDED from src/main/AndroidManifest.xml:176:13-70
activity#com.elegps.warranty.BaiXiu_AddActivity
ADDED from src/main/AndroidManifest.xml:179:14-182:20
	android:screenOrientation
		ADDED from src/main/AndroidManifest.xml:181:13-49
	android:name
		ADDED from src/main/AndroidManifest.xml:180:13-66
activity#com.elegps.warranty.BaoXiu_Activity
ADDED from src/main/AndroidManifest.xml:183:10-186:20
	android:screenOrientation
		ADDED from src/main/AndroidManifest.xml:185:13-49
	android:name
		ADDED from src/main/AndroidManifest.xml:184:13-63
activity#com.elegps.warranty.BaoXiu_InfoActivity
ADDED from src/main/AndroidManifest.xml:187:10-191:20
	android:screenOrientation
		ADDED from src/main/AndroidManifest.xml:189:13-49
	android:windowSoftInputMode
		ADDED from src/main/AndroidManifest.xml:190:13-64
	android:name
		ADDED from src/main/AndroidManifest.xml:188:13-67
activity#com.elegps.vedio.VideoActivity
ADDED from src/main/AndroidManifest.xml:192:9-200:20
	android:screenOrientation
		ADDED from src/main/AndroidManifest.xml:194:13-50
	android:name
		ADDED from src/main/AndroidManifest.xml:193:13-58
intent-filter#action:name:com.elegps.vedio.VideoActivity+category:name:android.intent.category.DEFAULT
ADDED from src/main/AndroidManifest.xml:195:13-199:29
action#com.elegps.vedio.VideoActivity
ADDED from src/main/AndroidManifest.xml:196:17-73
	android:name
		ADDED from src/main/AndroidManifest.xml:196:25-70
service#com.baidu.location.f
ADDED from src/main/AndroidManifest.xml:202:9-206:19
	android:process
		ADDED from src/main/AndroidManifest.xml:205:13-38
	android:enabled
		ADDED from src/main/AndroidManifest.xml:204:13-35
	android:name
		ADDED from src/main/AndroidManifest.xml:203:13-48
service#cn.elegps.service.StartService
ADDED from src/main/AndroidManifest.xml:208:17-82
	android:name
		ADDED from src/main/AndroidManifest.xml:208:26-71
receiver#cn.elegps.service.BootCompletedReceiver
ADDED from src/main/AndroidManifest.xml:210:7-215:14
	android:name
		ADDED from src/main/AndroidManifest.xml:210:17-71
intent-filter#action:name:android.intent.action.BOOT_COMPLETED
ADDED from src/main/AndroidManifest.xml:211:4-214:20
action#android.intent.action.BOOT_COMPLETED
ADDED from src/main/AndroidManifest.xml:212:5-213:14
	android:name
		ADDED from src/main/AndroidManifest.xml:212:13-64
uses-permission#android.permission.CALL_PHONE
ADDED from src/main/AndroidManifest.xml:217:2-65
	android:name
		ADDED from src/main/AndroidManifest.xml:217:19-63
uses-permission#android.permission.ACCESS_NETWORK_STATE
ADDED from src/main/AndroidManifest.xml:219:5-220:23
	android:name
		ADDED from src/main/AndroidManifest.xml:219:22-76
uses-permission#android.permission.ACCESS_FINE_LOCATION
ADDED from src/main/AndroidManifest.xml:221:5-222:23
	android:name
		ADDED from src/main/AndroidManifest.xml:221:22-76
uses-permission#android.permission.INTERNET
ADDED from src/main/AndroidManifest.xml:223:5-224:23
	android:name
		ADDED from src/main/AndroidManifest.xml:223:22-64
uses-permission#android.permission.WRITE_EXTERNAL_STORAGE
ADDED from src/main/AndroidManifest.xml:225:5-226:23
	android:name
		ADDED from src/main/AndroidManifest.xml:225:22-78
uses-permission#android.permission.ACCESS_WIFI_STATE
ADDED from src/main/AndroidManifest.xml:227:5-228:23
	android:name
		ADDED from src/main/AndroidManifest.xml:227:22-73
uses-permission#android.permission.CHANGE_WIFI_STATE
ADDED from src/main/AndroidManifest.xml:229:5-230:23
	android:name
		ADDED from src/main/AndroidManifest.xml:229:22-73
uses-permission#android.permission.READ_PHONE_STATE
ADDED from src/main/AndroidManifest.xml:231:5-232:23
	android:name
		ADDED from src/main/AndroidManifest.xml:231:22-72
uses-permission#android.permission.CAMERA
ADDED from src/main/AndroidManifest.xml:236:5-65
	android:name
		ADDED from src/main/AndroidManifest.xml:236:22-62
uses-permission#android.permission.RECORD_AUDIO
ADDED from src/main/AndroidManifest.xml:237:5-71
	android:name
		ADDED from src/main/AndroidManifest.xml:237:22-68
uses-permission#android.permission.RESTART_PACKAGES
ADDED from src/main/AndroidManifest.xml:238:5-75
	android:name
		ADDED from src/main/AndroidManifest.xml:238:22-72
uses-permission#android.permission.ACCESS_SURFACE_FLINGER
ADDED from src/main/AndroidManifest.xml:239:5-81
	android:name
		ADDED from src/main/AndroidManifest.xml:239:22-78
uses-permission#android.permission.RECEIVE_BOOT_COMPLETED
ADDED from src/main/AndroidManifest.xml:242:2-94
	android:name
		ADDED from src/main/AndroidManifest.xml:242:19-75